2023-09-10 10:23:44 [main]  INFO c.t.T.TicketManagementAppApplication - Starting TicketManagementAppApplication using Java 20.0.2 on DESKTOP-E48P8HM with PID 10536 (C:\Users\Ankit anshu\Downloads\TicketManagementApp\TicketManagementApp\target\classes started by Ankit anshu in C:\Users\Ankit anshu\Downloads\TicketManagementApp\TicketManagementApp)
2023-09-10 10:23:44 [main] DEBUG c.t.T.TicketManagementAppApplication - Running with Spring Boot v2.7.15, Spring v5.3.29
2023-09-10 10:23:44 [main]  INFO c.t.T.TicketManagementAppApplication - No active profile set, falling back to 1 default profile: "default"
2023-09-10 10:23:45 [main]  INFO o.s.d.r.c.RepositoryConfigurationDelegate - Bootstrapping Spring Data JPA repositories in DEFAULT mode.
2023-09-10 10:23:45 [main]  INFO o.s.d.r.c.RepositoryConfigurationDelegate - Finished Spring Data repository scanning in 26 ms. Found 1 JPA repository interfaces.
2023-09-10 10:23:45 [main]  INFO o.s.b.w.e.tomcat.TomcatWebServer - Tomcat initialized with port(s): 9191 (http)
2023-09-10 10:23:45 [main]  INFO o.a.catalina.core.StandardService - Starting service [Tomcat]
2023-09-10 10:23:45 [main]  INFO o.a.catalina.core.StandardEngine - Starting Servlet engine: [Apache Tomcat/9.0.79]
2023-09-10 10:23:45 [main]  INFO o.a.c.c.C.[Tomcat].[localhost].[/] - Initializing Spring embedded WebApplicationContext
2023-09-10 10:23:45 [main]  INFO o.s.b.w.s.c.ServletWebServerApplicationContext - Root WebApplicationContext: initialization completed in 826 ms
2023-09-10 10:23:45 [main]  INFO o.h.jpa.internal.util.LogHelper - HHH000204: Processing PersistenceUnitInfo [name: default]
2023-09-10 10:23:45 [main]  INFO org.hibernate.Version - HHH000412: Hibernate ORM core version 5.6.15.Final
2023-09-10 10:23:46 [main]  INFO o.h.annotations.common.Version - HCANN000001: Hibernate Commons Annotations {5.1.2.Final}
2023-09-10 10:23:46 [main]  INFO com.zaxxer.hikari.HikariDataSource - HikariPool-1 - Starting...
2023-09-10 10:23:46 [main]  INFO com.zaxxer.hikari.HikariDataSource - HikariPool-1 - Start completed.
2023-09-10 10:23:46 [main]  INFO org.hibernate.dialect.Dialect - HHH000400: Using dialect: org.hibernate.dialect.MySQL8Dialect
2023-09-10 10:23:46 [main]  INFO o.h.e.t.j.p.i.JtaPlatformInitiator - HHH000490: Using JtaPlatform implementation: [org.hibernate.engine.transaction.jta.platform.internal.NoJtaPlatform]
2023-09-10 10:23:46 [main]  INFO o.s.o.j.LocalContainerEntityManagerFactoryBean - Initialized JPA EntityManagerFactory for persistence unit 'default'
2023-09-10 10:23:47 [main]  WARN o.s.b.a.o.j.JpaBaseConfiguration$JpaWebConfiguration - spring.jpa.open-in-view is enabled by default. Therefore, database queries may be performed during view rendering. Explicitly configure spring.jpa.open-in-view to disable this warning
2023-09-10 10:23:47 [main]  INFO o.s.b.w.e.tomcat.TomcatWebServer - Tomcat started on port(s): 9191 (http) with context path ''
2023-09-10 10:23:47 [main]  INFO c.t.T.TicketManagementAppApplication - Started TicketManagementAppApplication in 2.703 seconds (JVM running for 3.178)
2023-09-10 10:23:50 [http-nio-9191-exec-3]  INFO o.a.c.c.C.[Tomcat].[localhost].[/] - Initializing Spring DispatcherServlet 'dispatcherServlet'
2023-09-10 10:23:50 [http-nio-9191-exec-3] DEBUG c.t.T.controller.TicketController - Inside Controller getTicketById method
2023-09-10 10:23:50 [http-nio-9191-exec-3] DEBUG c.t.T.TicketService.TicketService - Inside Service getTicketById method try block
2023-09-10 10:35:17 [SpringApplicationShutdownHook]  INFO o.s.o.j.LocalContainerEntityManagerFactoryBean - Closing JPA EntityManagerFactory for persistence unit 'default'
2023-09-10 10:35:17 [SpringApplicationShutdownHook]  INFO com.zaxxer.hikari.HikariDataSource - HikariPool-1 - Shutdown initiated...
2023-09-10 10:35:17 [SpringApplicationShutdownHook]  INFO com.zaxxer.hikari.HikariDataSource - HikariPool-1 - Shutdown completed.
2023-09-10 10:35:23 [main]  INFO c.t.T.TicketManagementAppApplication - Starting TicketManagementAppApplication using Java 20.0.2 on DESKTOP-E48P8HM with PID 26564 (C:\Users\Ankit anshu\Downloads\TicketManagementApp\TicketManagementApp\target\classes started by Ankit anshu in C:\Users\Ankit anshu\Downloads\TicketManagementApp\TicketManagementApp)
2023-09-10 10:35:23 [main] DEBUG c.t.T.TicketManagementAppApplication - Running with Spring Boot v2.7.15, Spring v5.3.29
2023-09-10 10:35:23 [main]  INFO c.t.T.TicketManagementAppApplication - No active profile set, falling back to 1 default profile: "default"
2023-09-10 10:35:23 [main]  INFO o.s.d.r.c.RepositoryConfigurationDelegate - Bootstrapping Spring Data JPA repositories in DEFAULT mode.
2023-09-10 10:35:24 [main]  INFO o.s.d.r.c.RepositoryConfigurationDelegate - Finished Spring Data repository scanning in 23 ms. Found 1 JPA repository interfaces.
2023-09-10 10:35:24 [main]  INFO o.s.b.w.e.tomcat.TomcatWebServer - Tomcat initialized with port(s): 9191 (http)
2023-09-10 10:35:24 [main]  INFO o.a.catalina.core.StandardService - Starting service [Tomcat]
2023-09-10 10:35:24 [main]  INFO o.a.catalina.core.StandardEngine - Starting Servlet engine: [Apache Tomcat/9.0.79]
2023-09-10 10:35:24 [main]  INFO o.a.c.c.C.[Tomcat].[localhost].[/] - Initializing Spring embedded WebApplicationContext
2023-09-10 10:35:24 [main]  INFO o.s.b.w.s.c.ServletWebServerApplicationContext - Root WebApplicationContext: initialization completed in 952 ms
2023-09-10 10:35:24 [main]  INFO o.h.jpa.internal.util.LogHelper - HHH000204: Processing PersistenceUnitInfo [name: default]
2023-09-10 10:35:24 [main]  INFO org.hibernate.Version - HHH000412: Hibernate ORM core version 5.6.15.Final
2023-09-10 10:35:24 [main]  INFO o.h.annotations.common.Version - HCANN000001: Hibernate Commons Annotations {5.1.2.Final}
2023-09-10 10:35:24 [main]  INFO com.zaxxer.hikari.HikariDataSource - HikariPool-1 - Starting...
2023-09-10 10:35:25 [main]  INFO com.zaxxer.hikari.HikariDataSource - HikariPool-1 - Start completed.
2023-09-10 10:35:25 [main]  INFO org.hibernate.dialect.Dialect - HHH000400: Using dialect: org.hibernate.dialect.MySQL8Dialect
2023-09-10 10:35:25 [main]  INFO o.h.e.t.j.p.i.JtaPlatformInitiator - HHH000490: Using JtaPlatform implementation: [org.hibernate.engine.transaction.jta.platform.internal.NoJtaPlatform]
2023-09-10 10:35:25 [main]  INFO o.s.o.j.LocalContainerEntityManagerFactoryBean - Initialized JPA EntityManagerFactory for persistence unit 'default'
2023-09-10 10:35:25 [main]  WARN o.s.b.a.o.j.JpaBaseConfiguration$JpaWebConfiguration - spring.jpa.open-in-view is enabled by default. Therefore, database queries may be performed during view rendering. Explicitly configure spring.jpa.open-in-view to disable this warning
2023-09-10 10:35:26 [main]  INFO o.s.b.w.e.tomcat.TomcatWebServer - Tomcat started on port(s): 9191 (http) with context path ''
2023-09-10 10:35:26 [main]  INFO c.t.T.TicketManagementAppApplication - Started TicketManagementAppApplication in 2.914 seconds (JVM running for 5.595)
2023-09-10 10:36:47 [SpringApplicationShutdownHook]  INFO o.s.o.j.LocalContainerEntityManagerFactoryBean - Closing JPA EntityManagerFactory for persistence unit 'default'
2023-09-10 10:36:47 [SpringApplicationShutdownHook]  INFO com.zaxxer.hikari.HikariDataSource - HikariPool-1 - Shutdown initiated...
2023-09-10 10:36:47 [SpringApplicationShutdownHook]  INFO com.zaxxer.hikari.HikariDataSource - HikariPool-1 - Shutdown completed.
